c:\users\brendan coppinger\source\repos\vertsea\vertsea\debug\vc142.pdb
c:\users\brendan coppinger\source\repos\vertsea\vertsea\debug\vc142.idb
c:\users\brendan coppinger\source\repos\vertsea\vertsea\debug\map.obj
c:\users\brendan coppinger\source\repos\vertsea\vertsea\debug\npc.obj
c:\users\brendan coppinger\source\repos\vertsea\vertsea\debug\main.obj
c:\users\brendan coppinger\source\repos\vertsea\vertsea\debug\resourcepath.obj
c:\users\brendan coppinger\source\repos\vertsea\vertsea\debug\realtimesprite.obj
c:\users\brendan coppinger\source\repos\vertsea\vertsea\debug\player.obj
c:\users\brendan coppinger\source\repos\vertsea\vertsea\debug\fighter.obj
c:\users\brendan coppinger\source\repos\vertsea\vertsea\debug\enemy.obj
c:\users\brendan coppinger\source\repos\vertsea\vertsea\debug\bullet.obj
c:\users\brendan coppinger\source\repos\vertsea\debug\vertsea.exe
c:\users\brendan coppinger\source\repos\vertsea\debug\vertsea.ilk
c:\users\brendan coppinger\source\repos\vertsea\debug\vertsea.pdb
c:\users\brendan coppinger\source\repos\vertsea\vertsea\debug\main.new.obj.enc
c:\users\brendan coppinger\source\repos\vertsea\vertsea\debug\vertsea.tlog\cl.command.1.tlog
c:\users\brendan coppinger\source\repos\vertsea\vertsea\debug\vertsea.tlog\cl.read.1.tlog
c:\users\brendan coppinger\source\repos\vertsea\vertsea\debug\vertsea.tlog\cl.write.1.tlog
c:\users\brendan coppinger\source\repos\vertsea\vertsea\debug\vertsea.tlog\link.command.1.tlog
c:\users\brendan coppinger\source\repos\vertsea\vertsea\debug\vertsea.tlog\link.read.1.tlog
c:\users\brendan coppinger\source\repos\vertsea\vertsea\debug\vertsea.tlog\link.write.1.tlog
