  Main.cpp
C:\Users\Brendan Coppinger\source\repos\Vertsea\Vertsea\Main.cpp(55,10): warning C4244:  'initializing': conversion from 'double' to 'float', possible loss of data
C:\Users\Brendan Coppinger\source\repos\Vertsea\Vertsea\Main.cpp(64,18): warning C4244:  '=': conversion from 'const int' to 'T', possible loss of data
C:\Users\Brendan Coppinger\source\repos\Vertsea\Vertsea\Main.cpp(64,18): warning C4244:         with
C:\Users\Brendan Coppinger\source\repos\Vertsea\Vertsea\Main.cpp(64,18): warning C4244:         [
C:\Users\Brendan Coppinger\source\repos\Vertsea\Vertsea\Main.cpp(64,18): warning C4244:             T=float
C:\Users\Brendan Coppinger\source\repos\Vertsea\Vertsea\Main.cpp(64,18): warning C4244:         ]
C:\Users\Brendan Coppinger\source\repos\Vertsea\Vertsea\Main.cpp(65,20): warning C4244:  '=': conversion from 'int' to 'T', possible loss of data
C:\Users\Brendan Coppinger\source\repos\Vertsea\Vertsea\Main.cpp(65,20): warning C4244:         with
C:\Users\Brendan Coppinger\source\repos\Vertsea\Vertsea\Main.cpp(65,20): warning C4244:         [
C:\Users\Brendan Coppinger\source\repos\Vertsea\Vertsea\Main.cpp(65,20): warning C4244:             T=float
C:\Users\Brendan Coppinger\source\repos\Vertsea\Vertsea\Main.cpp(65,20): warning C4244:         ]
C:\Users\Brendan Coppinger\source\repos\Vertsea\Vertsea\Main.cpp(67,53): warning C4244:  'argument': conversion from 'int' to 'float', possible loss of data
C:\Users\Brendan Coppinger\source\repos\Vertsea\Vertsea\Main.cpp(76,41): warning C4244:  'argument': conversion from 'int' to 'T', possible loss of data
C:\Users\Brendan Coppinger\source\repos\Vertsea\Vertsea\Main.cpp(76,41): warning C4244:         with
C:\Users\Brendan Coppinger\source\repos\Vertsea\Vertsea\Main.cpp(76,41): warning C4244:         [
C:\Users\Brendan Coppinger\source\repos\Vertsea\Vertsea\Main.cpp(76,41): warning C4244:             T=float
C:\Users\Brendan Coppinger\source\repos\Vertsea\Vertsea\Main.cpp(76,41): warning C4244:         ]
C:\Users\Brendan Coppinger\source\repos\Vertsea\Vertsea\Main.cpp(76,25): warning C4244:  'argument': conversion from 'int' to 'T', possible loss of data
C:\Users\Brendan Coppinger\source\repos\Vertsea\Vertsea\Main.cpp(76,25): warning C4244:         with
C:\Users\Brendan Coppinger\source\repos\Vertsea\Vertsea\Main.cpp(76,25): warning C4244:         [
C:\Users\Brendan Coppinger\source\repos\Vertsea\Vertsea\Main.cpp(76,25): warning C4244:             T=float
C:\Users\Brendan Coppinger\source\repos\Vertsea\Vertsea\Main.cpp(76,25): warning C4244:         ]
C:\Users\Brendan Coppinger\source\repos\Vertsea\Vertsea\Main.cpp(185,10): warning C4244:  'initializing': conversion from 'double' to 'float', possible loss of data
C:\Users\Brendan Coppinger\source\repos\Vertsea\Vertsea\Main.cpp(188,28): warning C4244:  'argument': conversion from 'const int' to 'float', possible loss of data
C:\Users\Brendan Coppinger\source\repos\Vertsea\Vertsea\Main.cpp(188,14): warning C4244:  'argument': conversion from 'const int' to 'float', possible loss of data
C:\Users\Brendan Coppinger\source\repos\Vertsea\Vertsea\Main.cpp(189,26): warning C4244:  'argument': conversion from 'const int' to 'float', possible loss of data
C:\Users\Brendan Coppinger\source\repos\Vertsea\Vertsea\Main.cpp(189,12): warning C4244:  'argument': conversion from 'const int' to 'float', possible loss of data
  Vertsea.vcxproj -> C:\Users\Brendan Coppinger\source\repos\Vertsea\Debug\Vertsea.exe
